#
# A fatal error has been detected by the Java Runtime Environment:
#
#  Internal Error (generateOopMap.cpp:2164), pid=14972, tid=13520
#  fatal error: Illegal class file encountered. Try running with -Xverify:all in method run
#
# JRE version: OpenJDK Runtime Environment (16.0.2+7) (build 16.0.2+7-67)
# Java VM: OpenJDK 64-Bit Server VM (16.0.2+7-67, mixed mode, tiered, compressed oops, compressed class ptrs, g1 gc, windows-amd64)
# No core dump will be written. Minidumps are not enabled by default on client versions of Windows
#
# If you would like to submit a bug report, please visit:
#   https://bugreport.java.com/bugreport/crash.jsp
#

---------------  S U M M A R Y ------------

Command Line: -XX:+ShowCodeDetailsInExceptionMessages -agentlib:jdwp=transport=dt_socket,suspend=y,address=localhost:55982 -javaagent:C:\Program Files\Eclipse portable\configuration\org.eclipse.osgi\222\0\.cp\lib\javaagent-shaded.jar -Dfile.encoding=Cp1252 --module-path=D:\UAM\Programación\Proyectos (Java y C)\sockets\bin -Djdk.module.main=sockets_ejemplo sockets_ejemplo/calculadora.main_calc

Host: AMD Ryzen 3 3200G with Radeon Vega Graphics    , 4 cores, 13G,  Windows 10 , 64 bit Build 19041 (10.0.19041.1202)
Time: Mon Oct  4 22:45:57 2021 Hora de verano central (México) elapsed time: 410.605706 seconds (0d 0h 6m 50s)

---------------  T H R E A D  ---------------

Current thread (0x000002a6fd4fd620):  VMThread "VM Thread" [stack: 0x000000e0fce00000,0x000000e0fcf00000] [id=13520]

Stack: [0x000000e0fce00000,0x000000e0fcf00000]
Native frames: (J=compiled Java code, j=interpreted, Vv=VM code, C=native code)
V  [jvm.dll+0x6681ca]
V  [jvm.dll+0x7c9e69]
V  [jvm.dll+0x7cb61e]
V  [jvm.dll+0x7cbc27]
V  [jvm.dll+0x2429b3]
V  [jvm.dll+0x330cf9]
V  [jvm.dll+0x32e35a]
V  [jvm.dll+0x32f854]
V  [jvm.dll+0x32cdaf]
V  [jvm.dll+0x32c037]
V  [jvm.dll+0x656cce]
V  [jvm.dll+0x6569d3]
V  [jvm.dll+0x61c1e8]
V  [jvm.dll+0x7c18f5]
V  [jvm.dll+0x520446]
V  [jvm.dll+0x7d00ab]
V  [jvm.dll+0x7d0da4]
V  [jvm.dll+0x7d12a9]
V  [jvm.dll+0x7d1564]
V  [jvm.dll+0x7d1630]
V  [jvm.dll+0x7795aa]
V  [jvm.dll+0x667066]
C  [ucrtbase.dll+0x21bb2]
C  [KERNEL32.DLL+0x17034]
C  [ntdll.dll+0x52651]

VM_Operation (0x000000e0fd9ff5d0): get/set locals, mode: safepoint, requested by thread 0x000002a6fe3614a0


---------------  P R O C E S S  ---------------

Threads class SMR info:
_java_thread_list=0x000002a6fe8ac770, length=16, elements={
0x000002a6ed67b770, 0x000002a6fd512010, 0x000002a6fd512de0, 0x000002a6fd52e630,
0x000002a6fe01a100, 0x000002a6fe01ab10, 0x000002a6fe01b420, 0x000002a6fe01bde0,
0x000002a6fe084c20, 0x000002a6fe0a3580, 0x000002a6fd47f590, 0x000002a6fe3614a0,
0x000002a6fe38d240, 0x000002a6fe38d780, 0x000002a6fe3f9470, 0x000002a6fe341570
}

Java Threads: ( => current thread )
  0x000002a6ed67b770 JavaThread "main" [_thread_in_native, id=1180, stack(0x000000e0fc800000,0x000000e0fc900000)]
  0x000002a6fd512010 JavaThread "Reference Handler" daemon [_thread_blocked, id=3468, stack(0x000000e0fcf00000,0x000000e0fd000000)]
  0x000002a6fd512de0 JavaThread "Finalizer" daemon [_thread_blocked, id=12716, stack(0x000000e0fd000000,0x000000e0fd100000)]
  0x000002a6fd52e630 JavaThread "Signal Dispatcher" daemon [_thread_blocked, id=13640, stack(0x000000e0fd100000,0x000000e0fd200000)]
  0x000002a6fe01a100 JavaThread "Attach Listener" daemon [_thread_blocked, id=16400, stack(0x000000e0fd200000,0x000000e0fd300000)]
  0x000002a6fe01ab10 JavaThread "Service Thread" daemon [_thread_blocked, id=14712, stack(0x000000e0fd300000,0x000000e0fd400000)]
  0x000002a6fe01b420 JavaThread "Monitor Deflation Thread" daemon [_thread_blocked, id=16876, stack(0x000000e0fd400000,0x000000e0fd500000)]
  0x000002a6fe01bde0 JavaThread "C2 CompilerThread0" daemon [_thread_blocked, id=10972, stack(0x000000e0fd500000,0x000000e0fd600000)]
  0x000002a6fe084c20 JavaThread "C1 CompilerThread0" daemon [_thread_blocked, id=15576, stack(0x000000e0fd600000,0x000000e0fd700000)]
  0x000002a6fe0a3580 JavaThread "Sweeper thread" daemon [_thread_blocked, id=10752, stack(0x000000e0fd700000,0x000000e0fd800000)]
  0x000002a6fd47f590 JavaThread "Common-Cleaner" daemon [_thread_blocked, id=16060, stack(0x000000e0fd800000,0x000000e0fd900000)]
  0x000002a6fe3614a0 JavaThread "JDWP Transport Listener: dt_socket" daemon [_thread_blocked, id=5168, stack(0x000000e0fd900000,0x000000e0fda00000)]
  0x000002a6fe38d240 JavaThread "JDWP Event Helper Thread" daemon [_thread_blocked, id=15644, stack(0x000000e0fda00000,0x000000e0fdb00000)]
  0x000002a6fe38d780 JavaThread "JDWP Command Reader" daemon [_thread_in_native, id=17444, stack(0x000000e0fdb00000,0x000000e0fdc00000)]
  0x000002a6fe3f9470 JavaThread "Notification Thread" daemon [_thread_blocked, id=15284, stack(0x000000e0fdc00000,0x000000e0fdd00000)]
  0x000002a6fe341570 JavaThread "Thread-0" [_thread_blocked, id=17068, stack(0x000000e0fde00000,0x000000e0fdf00000)]

Other Threads:
=>0x000002a6fd4fd620 VMThread "VM Thread" [stack: 0x000000e0fce00000,0x000000e0fcf00000] [id=13520]
  0x000002a6fe3458c0 WatcherThread [stack: 0x000000e0fdd00000,0x000000e0fde00000] [id=5684]
  0x000002a6ed6c5320 GCTaskThread "GC Thread#0" [stack: 0x000000e0fc900000,0x000000e0fca00000] [id=3440]
  0x000002a6ed6d4a50 ConcurrentGCThread "G1 Main Marker" [stack: 0x000000e0fca00000,0x000000e0fcb00000] [id=8844]
  0x000002a6ed6da470 ConcurrentGCThread "G1 Conc#0" [stack: 0x000000e0fcb00000,0x000000e0fcc00000] [id=17944]
  0x000002a6fd350490 ConcurrentGCThread "G1 Refine#0" [stack: 0x000000e0fcc00000,0x000000e0fcd00000] [id=1736]
  0x000002a6ed75b2f0 ConcurrentGCThread "G1 Service" [stack: 0x000000e0fcd00000,0x000000e0fce00000] [id=32]

Threads with active compile tasks:

VM state: at safepoint (normal execution)

VM Mutex/Monitor currently owned by a thread:  ([mutex/lock_event])
[0x000002a6ed676fa0] Threads_lock - owner thread: 0x000002a6fd4fd620

Heap address: 0x0000000720c00000, size: 3572 MB, Compressed Oops mode: Zero based, Oop shift amount: 3

CDS disabled.
Compressed class space mapped at: 0x0000000800000000-0x0000000840000000, reserved size: 1073741824
Narrow klass base: 0x0000000800000000, Narrow klass shift: 0, Narrow klass range: 0x40000000

GC Precious Log:
 CPUs: 4 total, 4 available
 Memory: 14284M
 Large Page Support: Disabled
 NUMA Support: Disabled
 Compressed Oops: Enabled (Zero based)
 Heap Region Size: 2M
 Heap Min Capacity: 8M
 Heap Initial Capacity: 224M
 Heap Max Capacity: 3572M
 Pre-touch: Disabled
 Parallel Workers: 4
 Concurrent Workers: 1
 Concurrent Refinement Workers: 4
 Periodic GC: Disabled

Heap:
 garbage-first heap   total 229376K, used 4096K [0x0000000720c00000, 0x0000000800000000)
  region size 2048K, 3 young (6144K), 0 survivors (0K)
 Metaspace       used 10232K, committed 10368K, reserved 1064960K
  class space    used 885K, committed 960K, reserved 1048576K

Heap Regions: E=young(eden), S=young(survivor), O=old, HS=humongous(starts), HC=humongous(continues), CS=collection set, F=free, OA=open archive, CA=closed archive, TAMS=top-at-mark-start (previous, next)
|   0|0x0000000720c00000, 0x0000000720c00000, 0x0000000720e00000|  0%| F|  |TAMS 0x0000000720c00000, 0x0000000720c00000| Untracked 
|   1|0x0000000720e00000, 0x0000000720e00000, 0x0000000721000000|  0%| F|  |TAMS 0x0000000720e00000, 0x0000000720e00000| Untracked 
|   2|0x0000000721000000, 0x0000000721000000, 0x0000000721200000|  0%| F|  |TAMS 0x0000000721000000, 0x0000000721000000| Untracked 
|   3|0x0000000721200000, 0x0000000721200000, 0x0000000721400000|  0%| F|  |TAMS 0x0000000721200000, 0x0000000721200000| Untracked 
|   4|0x0000000721400000, 0x0000000721400000, 0x0000000721600000|  0%| F|  |TAMS 0x0000000721400000, 0x0000000721400000| Untracked 
|   5|0x0000000721600000, 0x0000000721600000, 0x0000000721800000|  0%| F|  |TAMS 0x0000000721600000, 0x0000000721600000| Untracked 
|   6|0x0000000721800000, 0x0000000721800000, 0x0000000721a00000|  0%| F|  |TAMS 0x0000000721800000, 0x0000000721800000| Untracked 
|   7|0x0000000721a00000, 0x0000000721a00000, 0x0000000721c00000|  0%| F|  |TAMS 0x0000000721a00000, 0x0000000721a00000| Untracked 
|   8|0x0000000721c00000, 0x0000000721c00000, 0x0000000721e00000|  0%| F|  |TAMS 0x0000000721c00000, 0x0000000721c00000| Untracked 
|   9|0x0000000721e00000, 0x0000000721e00000, 0x0000000722000000|  0%| F|  |TAMS 0x0000000721e00000, 0x0000000721e00000| Untracked 
|  10|0x0000000722000000, 0x0000000722000000, 0x0000000722200000|  0%| F|  |TAMS 0x0000000722000000, 0x0000000722000000| Untracked 
|  11|0x0000000722200000, 0x0000000722200000, 0x0000000722400000|  0%| F|  |TAMS 0x0000000722200000, 0x0000000722200000| Untracked 
|  12|0x0000000722400000, 0x0000000722400000, 0x0000000722600000|  0%| F|  |TAMS 0x0000000722400000, 0x0000000722400000| Untracked 
|  13|0x0000000722600000, 0x0000000722600000, 0x0000000722800000|  0%| F|  |TAMS 0x0000000722600000, 0x0000000722600000| Untracked 
|  14|0x0000000722800000, 0x0000000722800000, 0x0000000722a00000|  0%| F|  |TAMS 0x0000000722800000, 0x0000000722800000| Untracked 
|  15|0x0000000722a00000, 0x0000000722a00000, 0x0000000722c00000|  0%| F|  |TAMS 0x0000000722a00000, 0x0000000722a00000| Untracked 
|  16|0x0000000722c00000, 0x0000000722c00000, 0x0000000722e00000|  0%| F|  |TAMS 0x0000000722c00000, 0x0000000722c00000| Untracked 
|  17|0x0000000722e00000, 0x0000000722e00000, 0x0000000723000000|  0%| F|  |TAMS 0x0000000722e00000, 0x0000000722e00000| Untracked 
|  18|0x0000000723000000, 0x0000000723000000, 0x0000000723200000|  0%| F|  |TAMS 0x0000000723000000, 0x0000000723000000| Untracked 
|  19|0x0000000723200000, 0x0000000723200000, 0x0000000723400000|  0%| F|  |TAMS 0x0000000723200000, 0x0000000723200000| Untracked 
|  20|0x0000000723400000, 0x0000000723400000, 0x0000000723600000|  0%| F|  |TAMS 0x0000000723400000, 0x0000000723400000| Untracked 
|  21|0x0000000723600000, 0x0000000723600000, 0x0000000723800000|  0%| F|  |TAMS 0x0000000723600000, 0x0000000723600000| Untracked 
|  22|0x0000000723800000, 0x0000000723800000, 0x0000000723a00000|  0%| F|  |TAMS 0x0000000723800000, 0x0000000723800000| Untracked 
|  23|0x0000000723a00000, 0x0000000723a00000, 0x0000000723c00000|  0%| F|  |TAMS 0x0000000723a00000, 0x0000000723a00000| Untracked 
|  24|0x0000000723c00000, 0x0000000723c00000, 0x0000000723e00000|  0%| F|  |TAMS 0x0000000723c00000, 0x0000000723c00000| Untracked 
|  25|0x0000000723e00000, 0x0000000723e00000, 0x0000000724000000|  0%| F|  |TAMS 0x0000000723e00000, 0x0000000723e00000| Untracked 
|  26|0x0000000724000000, 0x0000000724000000, 0x0000000724200000|  0%| F|  |TAMS 0x0000000724000000, 0x0000000724000000| Untracked 
|  27|0x0000000724200000, 0x0000000724200000, 0x0000000724400000|  0%| F|  |TAMS 0x0000000724200000, 0x0000000724200000| Untracked 
|  28|0x0000000724400000, 0x0000000724400000, 0x0000000724600000|  0%| F|  |TAMS 0x0000000724400000, 0x0000000724400000| Untracked 
|  29|0x0000000724600000, 0x0000000724600000, 0x0000000724800000|  0%| F|  |TAMS 0x0000000724600000, 0x0000000724600000| Untracked 
|  30|0x0000000724800000, 0x0000000724800000, 0x0000000724a00000|  0%| F|  |TAMS 0x0000000724800000, 0x0000000724800000| Untracked 
|  31|0x0000000724a00000, 0x0000000724a00000, 0x0000000724c00000|  0%| F|  |TAMS 0x0000000724a00000, 0x0000000724a00000| Untracked 
|  32|0x0000000724c00000, 0x0000000724c00000, 0x0000000724e00000|  0%| F|  |TAMS 0x0000000724c00000, 0x0000000724c00000| Untracked 
|  33|0x0000000724e00000, 0x0000000724e00000, 0x0000000725000000|  0%| F|  |TAMS 0x0000000724e00000, 0x0000000724e00000| Untracked 
|  34|0x0000000725000000, 0x0000000725000000, 0x0000000725200000|  0%| F|  |TAMS 0x0000000725000000, 0x0000000725000000| Untracked 
|  35|0x0000000725200000, 0x0000000725200000, 0x0000000725400000|  0%| F|  |TAMS 0x0000000725200000, 0x0000000725200000| Untracked 
|  36|0x0000000725400000, 0x0000000725400000, 0x0000000725600000|  0%| F|  |TAMS 0x0000000725400000, 0x0000000725400000| Untracked 
|  37|0x0000000725600000, 0x0000000725600000, 0x0000000725800000|  0%| F|  |TAMS 0x0000000725600000, 0x0000000725600000| Untracked 
|  38|0x0000000725800000, 0x0000000725800000, 0x0000000725a00000|  0%| F|  |TAMS 0x0000000725800000, 0x0000000725800000| Untracked 
|  39|0x0000000725a00000, 0x0000000725a00000, 0x0000000725c00000|  0%| F|  |TAMS 0x0000000725a00000, 0x0000000725a00000| Untracked 
|  40|0x0000000725c00000, 0x0000000725c00000, 0x0000000725e00000|  0%| F|  |TAMS 0x0000000725c00000, 0x0000000725c00000| Untracked 
|  41|0x0000000725e00000, 0x0000000725e00000, 0x0000000726000000|  0%| F|  |TAMS 0x0000000725e00000, 0x0000000725e00000| Untracked 
|  42|0x0000000726000000, 0x0000000726000000, 0x0000000726200000|  0%| F|  |TAMS 0x0000000726000000, 0x0000000726000000| Untracked 
|  43|0x0000000726200000, 0x0000000726200000, 0x0000000726400000|  0%| F|  |TAMS 0x0000000726200000, 0x0000000726200000| Untracked 
|  44|0x0000000726400000, 0x0000000726400000, 0x0000000726600000|  0%| F|  |TAMS 0x0000000726400000, 0x0000000726400000| Untracked 
|  45|0x0000000726600000, 0x0000000726600000, 0x0000000726800000|  0%| F|  |TAMS 0x0000000726600000, 0x0000000726600000| Untracked 
|  46|0x0000000726800000, 0x0000000726800000, 0x0000000726a00000|  0%| F|  |TAMS 0x0000000726800000, 0x0000000726800000| Untracked 
|  47|0x0000000726a00000, 0x0000000726a00000, 0x0000000726c00000|  0%| F|  |TAMS 0x0000000726a00000, 0x0000000726a00000| Untracked 
|  48|0x0000000726c00000, 0x0000000726c00000, 0x0000000726e00000|  0%| F|  |TAMS 0x0000000726c00000, 0x0000000726c00000| Untracked 
|  49|0x0000000726e00000, 0x0000000726e00000, 0x0000000727000000|  0%| F|  |TAMS 0x0000000726e00000, 0x0000000726e00000| Untracked 
|  50|0x0000000727000000, 0x0000000727000000, 0x0000000727200000|  0%| F|  |TAMS 0x0000000727000000, 0x0000000727000000| Untracked 
|  51|0x0000000727200000, 0x0000000727200000, 0x0000000727400000|  0%| F|  |TAMS 0x0000000727200000, 0x0000000727200000| Untracked 
|  52|0x0000000727400000, 0x0000000727400000, 0x0000000727600000|  0%| F|  |TAMS 0x0000000727400000, 0x0000000727400000| Untracked 
|  53|0x0000000727600000, 0x0000000727600000, 0x0000000727800000|  0%| F|  |TAMS 0x0000000727600000, 0x0000000727600000| Untracked 
|  54|0x0000000727800000, 0x0000000727800000, 0x0000000727a00000|  0%| F|  |TAMS 0x0000000727800000, 0x0000000727800000| Untracked 
|  55|0x0000000727a00000, 0x0000000727a00000, 0x0000000727c00000|  0%| F|  |TAMS 0x0000000727a00000, 0x0000000727a00000| Untracked 
|  56|0x0000000727c00000, 0x0000000727c00000, 0x0000000727e00000|  0%| F|  |TAMS 0x0000000727c00000, 0x0000000727c00000| Untracked 
|  57|0x0000000727e00000, 0x0000000727e00000, 0x0000000728000000|  0%| F|  |TAMS 0x0000000727e00000, 0x0000000727e00000| Untracked 
|  58|0x0000000728000000, 0x0000000728000000, 0x0000000728200000|  0%| F|  |TAMS 0x0000000728000000, 0x0000000728000000| Untracked 
|  59|0x0000000728200000, 0x0000000728200000, 0x0000000728400000|  0%| F|  |TAMS 0x0000000728200000, 0x0000000728200000| Untracked 
|  60|0x0000000728400000, 0x0000000728400000, 0x0000000728600000|  0%| F|  |TAMS 0x0000000728400000, 0x0000000728400000| Untracked 
|  61|0x0000000728600000, 0x0000000728600000, 0x0000000728800000|  0%| F|  |TAMS 0x0000000728600000, 0x0000000728600000| Untracked 
|  62|0x0000000728800000, 0x0000000728800000, 0x0000000728a00000|  0%| F|  |TAMS 0x0000000728800000, 0x0000000728800000| Untracked 
|  63|0x0000000728a00000, 0x0000000728a00000, 0x0000000728c00000|  0%| F|  |TAMS 0x0000000728a00000, 0x0000000728a00000| Untracked 
|  64|0x0000000728c00000, 0x0000000728c00000, 0x0000000728e00000|  0%| F|  |TAMS 0x0000000728c00000, 0x0000000728c00000| Untracked 
|  65|0x0000000728e00000, 0x0000000728e00000, 0x0000000729000000|  0%| F|  |TAMS 0x0000000728e00000, 0x0000000728e00000| Untracked 
|  66|0x0000000729000000, 0x0000000729000000, 0x0000000729200000|  0%| F|  |TAMS 0x0000000729000000, 0x0000000729000000| Untracked 
|  67|0x0000000729200000, 0x0000000729200000, 0x0000000729400000|  0%| F|  |TAMS 0x0000000729200000, 0x0000000729200000| Untracked 
|  68|0x0000000729400000, 0x0000000729400000, 0x0000000729600000|  0%| F|  |TAMS 0x0000000729400000, 0x0000000729400000| Untracked 
|  69|0x0000000729600000, 0x0000000729600000, 0x0000000729800000|  0%| F|  |TAMS 0x0000000729600000, 0x0000000729600000| Untracked 
|  70|0x0000000729800000, 0x0000000729800000, 0x0000000729a00000|  0%| F|  |TAMS 0x0000000729800000, 0x0000000729800000| Untracked 
|  71|0x0000000729a00000, 0x0000000729a00000, 0x0000000729c00000|  0%| F|  |TAMS 0x0000000729a00000, 0x0000000729a00000| Untracked 
|  72|0x0000000729c00000, 0x0000000729c00000, 0x0000000729e00000|  0%| F|  |TAMS 0x0000000729c00000, 0x0000000729c00000| Untracked 
|  73|0x0000000729e00000, 0x0000000729e00000, 0x000000072a000000|  0%| F|  |TAMS 0x0000000729e00000, 0x0000000729e00000| Untracked 
|  74|0x000000072a000000, 0x000000072a000000, 0x000000072a200000|  0%| F|  |TAMS 0x000000072a000000, 0x000000072a000000| Untracked 
|  75|0x000000072a200000, 0x000000072a200000, 0x000000072a400000|  0%| F|  |TAMS 0x000000072a200000, 0x000000072a200000| Untracked 
|  76|0x000000072a400000, 0x000000072a400000, 0x000000072a600000|  0%| F|  |TAMS 0x000000072a400000, 0x000000072a400000| Untracked 
|  77|0x000000072a600000, 0x000000072a600000, 0x000000072a800000|  0%| F|  |TAMS 0x000000072a600000, 0x000000072a600000| Untracked 
|  78|0x000000072a800000, 0x000000072a800000, 0x000000072aa00000|  0%| F|  |TAMS 0x000000072a800000, 0x000000072a800000| Untracked 
|  79|0x000000072aa00000, 0x000000072aa00000, 0x000000072ac00000|  0%| F|  |TAMS 0x000000072aa00000, 0x000000072aa00000| Untracked 
|  80|0x000000072ac00000, 0x000000072ac00000, 0x000000072ae00000|  0%| F|  |TAMS 0x000000072ac00000, 0x000000072ac00000| Untracked 
|  81|0x000000072ae00000, 0x000000072ae00000, 0x000000072b000000|  0%| F|  |TAMS 0x000000072ae00000, 0x000000072ae00000| Untracked 
|  82|0x000000072b000000, 0x000000072b000000, 0x000000072b200000|  0%| F|  |TAMS 0x000000072b000000, 0x000000072b000000| Untracked 
|  83|0x000000072b200000, 0x000000072b200000, 0x000000072b400000|  0%| F|  |TAMS 0x000000072b200000, 0x000000072b200000| Untracked 
|  84|0x000000072b400000, 0x000000072b400000, 0x000000072b600000|  0%| F|  |TAMS 0x000000072b400000, 0x000000072b400000| Untracked 
|  85|0x000000072b600000, 0x000000072b600000, 0x000000072b800000|  0%| F|  |TAMS 0x000000072b600000, 0x000000072b600000| Untracked 
|  86|0x000000072b800000, 0x000000072b800000, 0x000000072ba00000|  0%| F|  |TAMS 0x000000072b800000, 0x000000072b800000| Untracked 
|  87|0x000000072ba00000, 0x000000072ba00000, 0x000000072bc00000|  0%| F|  |TAMS 0x000000072ba00000, 0x000000072ba00000| Untracked 
|  88|0x000000072bc00000, 0x000000072bc00000, 0x000000072be00000|  0%| F|  |TAMS 0x000000072bc00000, 0x000000072bc00000| Untracked 
|  89|0x000000072be00000, 0x000000072be00000, 0x000000072c000000|  0%| F|  |TAMS 0x000000072be00000, 0x000000072be00000| Untracked 
|  90|0x000000072c000000, 0x000000072c000000, 0x000000072c200000|  0%| F|  |TAMS 0x000000072c000000, 0x000000072c000000| Untracked 
|  91|0x000000072c200000, 0x000000072c200000, 0x000000072c400000|  0%| F|  |TAMS 0x000000072c200000, 0x000000072c200000| Untracked 
|  92|0x000000072c400000, 0x000000072c400000, 0x000000072c600000|  0%| F|  |TAMS 0x000000072c400000, 0x000000072c400000| Untracked 
|  93|0x000000072c600000, 0x000000072c600000, 0x000000072c800000|  0%| F|  |TAMS 0x000000072c600000, 0x000000072c600000| Untracked 
|  94|0x000000072c800000, 0x000000072c800000, 0x000000072ca00000|  0%| F|  |TAMS 0x000000072c800000, 0x000000072c800000| Untracked 
|  95|0x000000072ca00000, 0x000000072ca00000, 0x000000072cc00000|  0%| F|  |TAMS 0x000000072ca00000, 0x000000072ca00000| Untracked 
|  96|0x000000072cc00000, 0x000000072cc00000, 0x000000072ce00000|  0%| F|  |TAMS 0x000000072cc00000, 0x000000072cc00000| Untracked 
|  97|0x000000072ce00000, 0x000000072ce00000, 0x000000072d000000|  0%| F|  |TAMS 0x000000072ce00000, 0x000000072ce00000| Untracked 
|  98|0x000000072d000000, 0x000000072d000000, 0x000000072d200000|  0%| F|  |TAMS 0x000000072d000000, 0x000000072d000000| Untracked 
|  99|0x000000072d200000, 0x000000072d200000, 0x000000072d400000|  0%| F|  |TAMS 0x000000072d200000, 0x000000072d200000| Untracked 
| 100|0x000000072d400000, 0x000000072d400000, 0x000000072d600000|  0%| F|  |TAMS 0x000000072d400000, 0x000000072d400000| Untracked 
| 101|0x000000072d600000, 0x000000072d600000, 0x000000072d800000|  0%| F|  |TAMS 0x000000072d600000, 0x000000072d600000| Untracked 
| 102|0x000000072d800000, 0x000000072d800000, 0x000000072da00000|  0%| F|  |TAMS 0x000000072d800000, 0x000000072d800000| Untracked 
| 103|0x000000072da00000, 0x000000072da00000, 0x000000072dc00000|  0%| F|  |TAMS 0x000000072da00000, 0x000000072da00000| Untracked 
| 104|0x000000072dc00000, 0x000000072dc00000, 0x000000072de00000|  0%| F|  |TAMS 0x000000072dc00000, 0x000000072dc00000| Untracked 
| 105|0x000000072de00000, 0x000000072de00000, 0x000000072e000000|  0%| F|  |TAMS 0x000000072de00000, 0x000000072de00000| Untracked 
| 106|0x000000072e000000, 0x000000072e000000, 0x000000072e200000|  0%| F|  |TAMS 0x000000072e000000, 0x000000072e000000| Untracked 
| 107|0x000000072e200000, 0x000000072e200000, 0x000000072e400000|  0%| F|  |TAMS 0x000000072e200000, 0x000000072e200000| Untracked 
| 108|0x000000072e400000, 0x000000072e400000, 0x000000072e600000|  0%| F|  |TAMS 0x000000072e400000, 0x000000072e400000| Untracked 
| 109|0x000000072e600000, 0x000000072e7f6968, 0x000000072e800000| 98%| E|  |TAMS 0x000000072e600000, 0x000000072e600000| Complete 
| 110|0x000000072e800000, 0x000000072ea00000, 0x000000072ea00000|100%| E|CS|TAMS 0x000000072e800000, 0x000000072e800000| Complete 
| 111|0x000000072ea00000, 0x000000072ec00000, 0x000000072ec00000|100%| E|CS|TAMS 0x000000072ea00000, 0x000000072ea00000| Complete 

Card table byte_map: [0x000002a6f3110000,0x000002a6f3810000] _byte_map_base: 0x000002a6ef80a000

Marking Bits (Prev, Next): (CMBitMap*) 0x000002a6ed6c5920, (CMBitMap*) 0x000002a6ed6c5960
 Prev Bits: [0x000002a6f3f10000, 0x000002a6f76e0000)
 Next Bits: [0x000002a6f76e0000, 0x000002a6faeb0000)

Polling page: 0x000002a6ed760000

Metaspace:

Usage:
  Non-class:      9.13 MB used.
      Class:    885.40 KB used.
       Both:      9.99 MB used.

Virtual space:
  Non-class space:       16.00 MB reserved,       9.19 MB ( 57%) committed,  2 nodes.
      Class space:        1.00 GB reserved,     960.00 KB ( <1%) committed,  1 nodes.
              Both:        1.02 GB reserved,      10.12 MB ( <1%) committed. 

Chunk freelists:
   Non-Class:  2.64 MB
       Class:  2.97 MB
        Both:  5.61 MB

MaxMetaspaceSize: 17179869184.00 GB
CompressedClassSpaceSize: 1.00 GB
 - commit_granule_bytes: 65536.
 - commit_granule_words: 8192.
 - virtual_space_node_default_size: 1048576.
 - enlarge_chunks_in_place: 1.
 - new_chunks_are_fully_committed: 0.
 - uncommit_free_chunks: 1.
 - use_allocation_guard: 0.
 - handle_deallocations: 1.


Internal statistics:

num_allocs_failed_limit: 0.
num_arena_births: 18.
num_arena_deaths: 0.
num_vsnodes_births: 3.
num_vsnodes_deaths: 0.
num_space_committed: 162.
num_space_uncommitted: 0.
num_chunks_returned_to_freelist: 0.
num_chunks_taken_from_freelist: 63.
num_chunk_merges: 0.
num_chunk_splits: 28.
num_chunks_enlarged: 20.
num_purges: 0.

CodeHeap 'non-profiled nmethods': size=120000Kb used=129Kb max_used=129Kb free=119871Kb
 bounds [0x000002a687ad0000, 0x000002a687d40000, 0x000002a68f000000]
CodeHeap 'profiled nmethods': size=120000Kb used=649Kb max_used=649Kb free=119350Kb
 bounds [0x000002a6805a0000, 0x000002a680810000, 0x000002a687ad0000]
CodeHeap 'non-nmethods': size=5760Kb used=1206Kb max_used=1223Kb free=4553Kb
 bounds [0x000002a680000000, 0x000002a680270000, 0x000002a6805a0000]
 total_blobs=841 nmethods=429 adapters=325
 compilation: enabled
              stopped_count=0, restarted_count=0
 full_count=0

Compilation events (20 events):
Event: 381.469 Thread 0x000002a6fe084c20 nmethod 423 0x000002a68063f590 code [0x000002a68063f780, 0x000002a68063fb28]
Event: 381.469 Thread 0x000002a6fe084c20  424       3       org.eclipse.jdt.launching.internal.org.objectweb.asm.ClassReader::readStringish (16 bytes)
Event: 381.469 Thread 0x000002a6fe084c20 nmethod 424 0x000002a68063fd10 code [0x000002a68063fee0, 0x000002a680640208]
Event: 381.469 Thread 0x000002a6fe084c20  426       3       org.eclipse.jdt.launching.internal.org.objectweb.asm.SymbolTable::addConstantUtf8 (98 bytes)
Event: 381.469 Thread 0x000002a6fe084c20 nmethod 426 0x000002a680640390 code [0x000002a6806405c0, 0x000002a680640bd8]
Event: 381.470 Thread 0x000002a6fe084c20  427       1       org.eclipse.jdt.launching.internal.org.objectweb.asm.SymbolTable::getSource (5 bytes)
Event: 381.470 Thread 0x000002a6fe084c20 nmethod 427 0x000002a687af0110 code [0x000002a687af02a0, 0x000002a687af0378]
Event: 381.473 Thread 0x000002a6fe01bde0 

Event: 390.412 Thread 0x000002a6fe084c20  428       3       org.eclipse.jdt.launching.internal.org.objectweb.asm.SymbolTable::addConstantMemberReference (29 bytes)
Event: 390.412 Thread 0x000002a6fe084c20 nmethod 428 0x000002a680640f10 code [0x000002a680641100, 0x000002a6806414c8]
Event: 390.412 Thread 0x000002a6fe084c20  429       3       org.eclipse.jdt.launching.internal.org.objectweb.asm.SymbolTable::hash (20 bytes)
Event: 390.412 Thread 0x000002a6fe084c20 nmethod 429 0x000002a680641790 code [0x000002a680641960, 0x000002a680641b48]
Event: 390.412 Thread 0x000002a6fe084c20  430       3       org.eclipse.jdt.launching.internal.org.objectweb.asm.SymbolTable$Entry::<init> (20 bytes)
Event: 390.412 Thread 0x000002a6fe084c20 nmethod 430 0x000002a680641d10 code [0x000002a680641ec0, 0x000002a680642068]
Event: 400.867 Thread 0x000002a6fe01bde0  431       4       org.eclipse.jdt.launching.internal.org.objectweb.asm.ClassReader::readUtf (161 bytes)
Event: 400.878 Thread 0x000002a6fe01bde0 

Event: 410.520 Thread 0x000002a6fe01bde0  432       4       java.lang.StringUTF16::compress (50 bytes)
Event: 410.520 Thread 0x000002a6fe084c20  433       3       org.eclipse.jdt.launching.internal.org.objectweb.asm.ClassReader::readInt (52 bytes)
Event: 410.520 Thread 0x000002a6fe084c20 nmethod 433 0x000002a680642190 code [0x000002a680642340, 0x000002a680642518]
Event: 410.525 Thread 0x000002a6fe01bde0 


GC Heap History (0 events):
No events

Deoptimization events (20 events):
Event: 0.466 Thread 0x000002a6ed67b770 DEOPT PACKING pc=0x000002a68061dde7 sp=0x000000e0fc8f8950
Event: 0.466 Thread 0x000002a6ed67b770 DEOPT UNPACKING pc=0x000002a68004dece sp=0x000000e0fc8f7db8 mode 0
Event: 0.467 Thread 0x000002a6ed67b770 DEOPT PACKING pc=0x000002a68061dde7 sp=0x000000e0fc8f8950
Event: 0.467 Thread 0x000002a6ed67b770 DEOPT UNPACKING pc=0x000002a68004dece sp=0x000000e0fc8f7db8 mode 0
Event: 0.468 Thread 0x000002a6ed67b770 DEOPT PACKING pc=0x000002a68061dde7 sp=0x000000e0fc8f8950
Event: 0.468 Thread 0x000002a6ed67b770 DEOPT UNPACKING pc=0x000002a68004dece sp=0x000000e0fc8f7db8 mode 0
Event: 0.470 Thread 0x000002a6ed67b770 DEOPT PACKING pc=0x000002a68061dde7 sp=0x000000e0fc8fc380
Event: 0.470 Thread 0x000002a6ed67b770 DEOPT UNPACKING pc=0x000002a68004dece sp=0x000000e0fc8fb7e8 mode 0
Event: 0.470 Thread 0x000002a6ed67b770 DEOPT PACKING pc=0x000002a68061dde7 sp=0x000000e0fc8fc380
Event: 0.470 Thread 0x000002a6ed67b770 DEOPT UNPACKING pc=0x000002a68004dece sp=0x000000e0fc8fb7e8 mode 0
Event: 0.470 Thread 0x000002a6ed67b770 DEOPT PACKING pc=0x000002a68061dde7 sp=0x000000e0fc8fc380
Event: 0.470 Thread 0x000002a6ed67b770 DEOPT UNPACKING pc=0x000002a68004dece sp=0x000000e0fc8fb7e8 mode 0
Event: 0.471 Thread 0x000002a6ed67b770 DEOPT PACKING pc=0x000002a68061dde7 sp=0x000000e0fc8f88d0
Event: 0.471 Thread 0x000002a6ed67b770 DEOPT UNPACKING pc=0x000002a68004dece sp=0x000000e0fc8f7d38 mode 0
Event: 0.478 Thread 0x000002a6ed67b770 DEOPT PACKING pc=0x000002a68061dde7 sp=0x000000e0fc8f8540
Event: 0.478 Thread 0x000002a6ed67b770 DEOPT UNPACKING pc=0x000002a68004dece sp=0x000000e0fc8f79a8 mode 0
Event: 0.478 Thread 0x000002a6ed67b770 DEOPT PACKING pc=0x000002a68061dde7 sp=0x000000e0fc8f8540
Event: 0.478 Thread 0x000002a6ed67b770 DEOPT UNPACKING pc=0x000002a68004dece sp=0x000000e0fc8f79a8 mode 0
Event: 0.478 Thread 0x000002a6ed67b770 DEOPT PACKING pc=0x000002a68061dde7 sp=0x000000e0fc8f8540
Event: 0.478 Thread 0x000002a6ed67b770 DEOPT UNPACKING pc=0x000002a68004dece sp=0x000000e0fc8f79a8 mode 0

Classes unloaded (0 events):
No events

Classes redefined (7 events):
Event: 245.892 Thread 0x000002a6fd4fd620 redefined class name=calculadora.Calculadora, count=1
Event: 290.807 Thread 0x000002a6fd4fd620 redefined class name=calculadora.Calculadora, count=2
Event: 313.969 Thread 0x000002a6fd4fd620 redefined class name=calculadora.Calculadora, count=3
Event: 381.471 Thread 0x000002a6fd4fd620 redefined class name=calculadora.Calculadora, count=4
Event: 390.413 Thread 0x000002a6fd4fd620 redefined class name=calculadora.Calculadora, count=5
Event: 400.872 Thread 0x000002a6fd4fd620 redefined class name=calculadora.Calculadora, count=6
Event: 410.522 Thread 0x000002a6fd4fd620 redefined class name=calculadora.Calculadora, count=7

Internal exceptions (5 events):
Event: 0.163 Thread 0x000002a6ed67b770 Exception <a 'java/lang/NoSuchMethodError'{0x000000072eae9c98}: 'void java.lang.invoke.DirectMethodHandle$Holder.invokeVirtual(java.lang.Object, java.lang.Object)'> (0x000000072eae9c98) 
thrown [t:\workspace\open\src\hotspot\share\interpreter\linkResolver.cpp, line 790]
Event: 0.449 Thread 0x000002a6ed67b770 Exception <a 'java/lang/NoSuchMethodError'{0x000000072e9ea698}: 'java.lang.Object java.lang.invoke.DirectMethodHandle$Holder.invokeStatic(java.lang.Object)'> (0x000000072e9ea698) 
thrown [t:\workspace\open\src\hotspot\share\interpreter\linkResolver.cpp, line 790]
Event: 0.501 Thread 0x000002a6ed67b770 Exception <a 'java/lang/NoSuchMethodError'{0x000000072e6e7a20}: 'java.lang.Object java.lang.invoke.DirectMethodHandle$Holder.invokeStaticInit(java.lang.Object)'> (0x000000072e6e7a20) 
thrown [t:\workspace\open\src\hotspot\share\interpreter\linkResolver.cpp, line 790]
Event: 0.516 Thread 0x000002a6ed67b770 Exception <a 'java/lang/ClassNotFoundException'{0x000000072e727d10}: jdk/net/ExtendedSocketOptions> (0x000000072e727d10) 
thrown [t:\workspace\open\src\hotspot\share\classfile\systemDictionary.cpp, line 256]
Event: 0.517 Thread 0x000002a6ed67b770 Exception <a 'java/lang/NoSuchMethodError'{0x000000072e72a1a8}: 'void java.lang.invoke.DirectMethodHandle$Holder.invokeStatic(java.lang.Object, java.lang.Object)'> (0x000000072e72a1a8) 
thrown [t:\workspace\open\src\hotspot\share\interpreter\linkResolver.cpp, line 790]

Events (20 events):
Event: 410.553 Executing  VM operation: ChangeBreakpoints done
Event: 410.556 Executing  VM operation: ChangeBreakpoints
Event: 410.556 Executing  VM operation: ChangeBreakpoints done
Event: 410.559 Executing  VM operation: ChangeBreakpoints
Event: 410.559 Executing  VM operation: ChangeBreakpoints done
Event: 410.561 Executing  VM operation: ChangeBreakpoints
Event: 410.562 Executing  VM operation: ChangeBreakpoints done
Event: 410.562 Executing  VM operation: ChangeBreakpoints
Event: 410.562 Executing  VM operation: ChangeBreakpoints done
Event: 410.565 Executing  VM operation: ChangeBreakpoints
Event: 410.565 Executing  VM operation: ChangeBreakpoints done
Event: 410.568 Executing  VM operation: ChangeBreakpoints
Event: 410.568 Executing  VM operation: ChangeBreakpoints done
Event: 410.569 Executing  VM operation: ChangeSingleStep
Event: 410.569 Executing  VM operation: ChangeSingleStep done
Event: 410.569 Executing  VM operation: get/set locals
Event: 410.569 Executing  VM operation: get/set locals done
Event: 410.570 Executing  VM operation: ChangeSingleStep
Event: 410.570 Executing  VM operation: ChangeSingleStep done
Event: 410.602 Executing  VM operation: get/set locals


Dynamic libraries:
0x00007ff779020000 - 0x00007ff77902e000 	C:\Program Files\Eclipse portable\plugins\org.eclipse.justj.openjdk.hotspot.jre.full.win32.x86_64_16.0.2.v20210721-1149\jre\bin\javaw.exe
0x00007ffa41d30000 - 0x00007ffa41f25000 	C:\WINDOWS\SYSTEM32\ntdll.dll
0x00007ffa41030000 - 0x00007ffa410ee000 	C:\WINDOWS\System32\KERNEL32.DLL
0x00007ffa3f450000 - 0x00007ffa3f719000 	C:\WINDOWS\System32\KERNELBASE.dll
0x00007ffa3f7b0000 - 0x00007ffa3f8b0000 	C:\WINDOWS\System32\ucrtbase.dll
0x00007ffa3b190000 - 0x00007ffa3b1a8000 	C:\Program Files\Eclipse portable\plugins\org.eclipse.justj.openjdk.hotspot.jre.full.win32.x86_64_16.0.2.v20210721-1149\jre\bin\jli.dll
0x00007ffa41b40000 - 0x00007ffa41ce1000 	C:\WINDOWS\System32\USER32.dll
0x00007ffa3f8b0000 - 0x00007ffa3f8d2000 	C:\WINDOWS\System32\win32u.dll
0x00007ffa410f0000 - 0x00007ffa4111b000 	C:\WINDOWS\System32\GDI32.dll
0x00007ffa3f980000 - 0x00007ffa3fa8b000 	C:\WINDOWS\System32\gdi32full.dll
0x00007ffa3f8e0000 - 0x00007ffa3f97d000 	C:\WINDOWS\System32\msvcp_win.dll
0x00007ffa23850000 - 0x00007ffa23869000 	C:\Program Files\Eclipse portable\plugins\org.eclipse.justj.openjdk.hotspot.jre.full.win32.x86_64_16.0.2.v20210721-1149\jre\bin\VCRUNTIME140.dll
0x00007ffa2a810000 - 0x00007ffa2aaaa000 	C:\WINDOWS\WinSxS\amd64_microsoft.windows.common-controls_6595b64144ccf1df_6.0.19041.1110_none_60b5254171f9507e\COMCTL32.dll
0x00007ffa41140000 - 0x00007ffa411de000 	C:\WINDOWS\System32\msvcrt.dll
0x00007ffa40940000 - 0x00007ffa40970000 	C:\WINDOWS\System32\IMM32.DLL
0x00007ffa23840000 - 0x00007ffa2384c000 	C:\Program Files\Eclipse portable\plugins\org.eclipse.justj.openjdk.hotspot.jre.full.win32.x86_64_16.0.2.v20210721-1149\jre\bin\vcruntime140_1.dll
0x00007ffa23710000 - 0x00007ffa237a1000 	C:\Program Files\Eclipse portable\plugins\org.eclipse.justj.openjdk.hotspot.jre.full.win32.x86_64_16.0.2.v20210721-1149\jre\bin\msvcp140.dll
0x00007ff9c0f50000 - 0x00007ff9c1afb000 	C:\Program Files\Eclipse portable\plugins\org.eclipse.justj.openjdk.hotspot.jre.full.win32.x86_64_16.0.2.v20210721-1149\jre\bin\server\jvm.dll
0x00007ffa41920000 - 0x00007ffa419cc000 	C:\WINDOWS\System32\ADVAPI32.dll
0x00007ffa41760000 - 0x00007ffa417fb000 	C:\WINDOWS\System32\sechost.dll
0x00007ffa41560000 - 0x00007ffa4168a000 	C:\WINDOWS\System32\RPCRT4.dll
0x00007ffa41550000 - 0x00007ffa41558000 	C:\WINDOWS\System32\PSAPI.DLL
0x00007ffa19840000 - 0x00007ffa19849000 	C:\WINDOWS\SYSTEM32\WSOCK32.dll
0x00007ffa41690000 - 0x00007ffa416fb000 	C:\WINDOWS\System32\WS2_32.dll
0x00007ffa36690000 - 0x00007ffa366b7000 	C:\WINDOWS\SYSTEM32\WINMM.dll
0x00007ffa39e60000 - 0x00007ffa39e6a000 	C:\WINDOWS\SYSTEM32\VERSION.dll
0x00007ffa3d290000 - 0x00007ffa3d2a2000 	C:\WINDOWS\SYSTEM32\kernel.appcore.dll
0x00007ffa3b0d0000 - 0x00007ffa3b0da000 	C:\Program Files\Eclipse portable\plugins\org.eclipse.justj.openjdk.hotspot.jre.full.win32.x86_64_16.0.2.v20210721-1149\jre\bin\jimage.dll
0x00007ffa392e0000 - 0x00007ffa394c4000 	C:\WINDOWS\SYSTEM32\DBGHELP.DLL
0x00007ffa31110000 - 0x00007ffa3113c000 	C:\WINDOWS\SYSTEM32\dbgcore.DLL
0x00007ffa3f720000 - 0x00007ffa3f7a3000 	C:\WINDOWS\System32\bcryptPrimitives.dll
0x00007ffa22880000 - 0x00007ffa228bb000 	C:\Program Files\Eclipse portable\plugins\org.eclipse.justj.openjdk.hotspot.jre.full.win32.x86_64_16.0.2.v20210721-1149\jre\bin\jdwp.dll
0x00007ffa23830000 - 0x00007ffa2383e000 	C:\Program Files\Eclipse portable\plugins\org.eclipse.justj.openjdk.hotspot.jre.full.win32.x86_64_16.0.2.v20210721-1149\jre\bin\instrument.dll
0x00007ffa32110000 - 0x00007ffa32135000 	C:\Program Files\Eclipse portable\plugins\org.eclipse.justj.openjdk.hotspot.jre.full.win32.x86_64_16.0.2.v20210721-1149\jre\bin\java.dll
0x00007ffa24c60000 - 0x00007ffa24c78000 	C:\Program Files\Eclipse portable\plugins\org.eclipse.justj.openjdk.hotspot.jre.full.win32.x86_64_16.0.2.v20210721-1149\jre\bin\zip.dll
0x00007ffa3fd80000 - 0x00007ffa404bf000 	C:\WINDOWS\System32\SHELL32.dll
0x00007ffa3d570000 - 0x00007ffa3dd00000 	C:\WINDOWS\SYSTEM32\windows.storage.dll
0x00007ffa40cd0000 - 0x00007ffa41025000 	C:\WINDOWS\System32\combase.dll
0x00007ffa3edd0000 - 0x00007ffa3edfc000 	C:\WINDOWS\SYSTEM32\Wldp.dll
0x00007ffa419d0000 - 0x00007ffa41a7e000 	C:\WINDOWS\System32\SHCORE.dll
0x00007ffa40c70000 - 0x00007ffa40cc5000 	C:\WINDOWS\System32\shlwapi.dll
0x00007ffa3f390000 - 0x00007ffa3f3af000 	C:\WINDOWS\SYSTEM32\profapi.dll
0x00007ffa24c40000 - 0x00007ffa24c59000 	C:\Program Files\Eclipse portable\plugins\org.eclipse.justj.openjdk.hotspot.jre.full.win32.x86_64_16.0.2.v20210721-1149\jre\bin\net.dll
0x00007ffa384b0000 - 0x00007ffa385b8000 	C:\WINDOWS\SYSTEM32\WINHTTP.dll
0x00007ffa3eb30000 - 0x00007ffa3eb9a000 	C:\WINDOWS\system32\mswsock.dll
0x00007ffa24750000 - 0x00007ffa24763000 	C:\Program Files\Eclipse portable\plugins\org.eclipse.justj.openjdk.hotspot.jre.full.win32.x86_64_16.0.2.v20210721-1149\jre\bin\nio.dll
0x00007ffa23820000 - 0x00007ffa2382c000 	C:\Program Files\Eclipse portable\plugins\org.eclipse.justj.openjdk.hotspot.jre.full.win32.x86_64_16.0.2.v20210721-1149\jre\bin\dt_socket.dll
0x00007ffa3e820000 - 0x00007ffa3e85b000 	C:\WINDOWS\SYSTEM32\IPHLPAPI.DLL
0x00007ffa3e860000 - 0x00007ffa3e92c000 	C:\WINDOWS\SYSTEM32\DNSAPI.dll
0x00007ffa41360000 - 0x00007ffa41368000 	C:\WINDOWS\System32\NSI.dll
0x00007ffa37530000 - 0x00007ffa3753a000 	C:\Windows\System32\rasadhlp.dll
0x00007ffa36b50000 - 0x00007ffa36bcf000 	C:\WINDOWS\System32\fwpuclnt.dll
0x00007ffa3fbf0000 - 0x00007ffa3fc17000 	C:\WINDOWS\System32\bcrypt.dll
0x00007ffa3b0c0000 - 0x00007ffa3b0d0000 	C:\Program Files\Eclipse portable\plugins\org.eclipse.justj.openjdk.hotspot.jre.full.win32.x86_64_16.0.2.v20210721-1149\jre\bin\verify.dll

dbghelp: loaded successfully - version: 4.0.5 - missing functions: none
symbol engine: initialized successfully - sym options: 0x614 - pdb path: .;C:\Program Files\Eclipse portable\plugins\org.eclipse.justj.openjdk.hotspot.jre.full.win32.x86_64_16.0.2.v20210721-1149\jre\bin;C:\WINDOWS\SYSTEM32;C:\WINDOWS\WinSxS\amd64_microsoft.windows.common-controls_6595b64144ccf1df_6.0.19041.1110_none_60b5254171f9507e;C:\Program Files\Eclipse portable\plugins\org.eclipse.justj.openjdk.hotspot.jre.full.win32.x86_64_16.0.2.v20210721-1149\jre\bin\server

VM Arguments:
jvm_args: -XX:+ShowCodeDetailsInExceptionMessages -agentlib:jdwp=transport=dt_socket,suspend=y,address=localhost:55982 -javaagent:C:\Program Files\Eclipse portable\configuration\org.eclipse.osgi\222\0\.cp\lib\javaagent-shaded.jar -Dfile.encoding=Cp1252 --module-path=D:\UAM\Programación\Proyectos (Java y C)\sockets\bin -Djdk.module.main=sockets_ejemplo 
java_command: sockets_ejemplo/calculadora.main_calc
java_class_path (initial): <not set>
Launcher Type: SUN_STANDARD

[Global flags]
     intx CICompilerCount                          = 3                                         {product} {ergonomic}
     uint ConcGCThreads                            = 1                                         {product} {ergonomic}
     uint G1ConcRefinementThreads                  = 4                                         {product} {ergonomic}
   size_t G1HeapRegionSize                         = 2097152                                   {product} {ergonomic}
    uintx GCDrainStackTargetSize                   = 64                                        {product} {ergonomic}
   size_t InitialHeapSize                          = 234881024                                 {product} {ergonomic}
   size_t MarkStackSize                            = 4194304                                   {product} {ergonomic}
   size_t MaxHeapSize                              = 3745513472                                {product} {ergonomic}
   size_t MaxNewSize                               = 2246049792                                {product} {ergonomic}
   size_t MinHeapDeltaBytes                        = 2097152                                   {product} {ergonomic}
   size_t MinHeapSize                              = 8388608                                   {product} {ergonomic}
    uintx NonNMethodCodeHeapSize                   = 5832780                                {pd product} {ergonomic}
    uintx NonProfiledCodeHeapSize                  = 122912730                              {pd product} {ergonomic}
    uintx ProfiledCodeHeapSize                     = 122912730                              {pd product} {ergonomic}
    uintx ReservedCodeCacheSize                    = 251658240                              {pd product} {ergonomic}
     bool SegmentedCodeCache                       = true                                      {product} {ergonomic}
     bool ShowCodeDetailsInExceptionMessages       = true                                   {manageable} {command line}
   size_t SoftMaxHeapSize                          = 3745513472                             {manageable} {ergonomic}
     bool UseCompressedClassPointers               = true                           {product lp64_product} {ergonomic}
     bool UseCompressedOops                        = true                           {product lp64_product} {ergonomic}
     bool UseG1GC                                  = true                                      {product} {ergonomic}
     bool UseLargePagesIndividualAllocation        = false                                  {pd product} {ergonomic}

Logging:
Log output configuration:
 #0: stdout all=warning uptime,level,tags
 #1: stderr all=off uptime,level,tags

Environment Variables:
PATH=C:\Program Files\Eclipse portable\plugins\org.eclipse.justj.openjdk.hotspot.jre.full.win32.x86_64_16.0.2.v20210721-1149\jre\bin;C:/Program Files/Eclipse portable//plugins/org.eclipse.justj.openjdk.hotspot.jre.full.win32.x86_64_16.0.2.v20210721-1149/jre/bin/server;C:/Program Files/Eclipse portable//plugins/org.eclipse.justj.openjdk.hotspot.jre.full.win32.x86_64_16.0.2.v20210721-1149/jre/bin;C:\Program Files (x86)\ActiveState Komodo Edit 12\;C:\app\muy_d\product\18.0.0\dbhomeXE\bin;C:\Program Files (x86)\Common Files\Oracle\Java\javapath;C:\Program Files (x86)\NVIDIA Corporation\PhysX\Common;C:\WINDOWS\system32;C:\WINDOWS;C:\WINDOWS\System32\Wbem;C:\WINDOWS\System32\WindowsPowerShell\v1.0\;C:\WINDOWS\System32\OpenSSH\;C:\MinGW\bin;C:\Program Files (x86)\GnuWin32\bin;C:\Program Files\nodejs\;C:\Program Files (x86)\Filestar;C:\Users\muy_d\AppData\Roaming\Filestar\aliases;C:\Program Files\MySQL\MySQL Shell 8.0\bin\;C:\Users\muy_d\AppData\Local\Microsoft\WindowsApps;C:\Oracle\product\18.0.0;C:\Program Files\JetBrains\PyCharm Community Edition 2020.2.3\bin;;C:\Users\muy_d\AppData\Roaming\npm;C:\Program Files\Eclipse portable;
USERNAME=muy_d
OS=Windows_NT
PROCESSOR_IDENTIFIER=AMD64 Family 23 Model 24 Stepping 1, AuthenticAMD



---------------  S Y S T E M  ---------------

OS:
 Windows 10 , 64 bit Build 19041 (10.0.19041.1202)
OS uptime: 1 days 5:29 hours

CPU: total 4 (initial active 4) (4 cores per cpu, 1 threads per core) family 23 model 24 stepping 1 microcode 0x0, cx8, cmov, fxsr, mmx, 3dnowpref, sse, sse2, sse3, ssse3, sse4a, sse4.1, sse4.2, popcnt, lzcnt, tsc, tscinvbit, avx, avx2, aes, clmul, bmi1, bmi2, adx, sha, fma, vzeroupper, clflush, clflushopt

Memory: 4k page, system-wide physical 14284M (7369M free)
TotalPageFile size 21736M (AvailPageFile size 8710M)
current process WorkingSet (physical memory assigned to process): 48M, peak: 48M
current process commit charge ("private bytes"): 303M, peak: 304M

vm_info: OpenJDK 64-Bit Server VM (16.0.2+7-67) for windows-amd64 JRE (16.0.2+7-67), built on Jun  8 2021 23:21:43 by "mach5one" with MS VC++ 16.7 (VS2019)

END.
